{"D:\\HTML\\lab5\\src\\js\\order.js": {"path":"D:\\HTML\\lab5\\src\\js\\order.js","statementMap":{"0":{"start":{"line":4,"column":4},"end":{"line":4,"column":23}},"1":{"start":{"line":5,"column":15},"end":{"line":5,"column":52}},"2":{"start":{"line":6,"column":18},"end":{"line":6,"column":58}},"3":{"start":{"line":7,"column":15},"end":{"line":7,"column":52}},"4":{"start":{"line":8,"column":16},"end":{"line":8,"column":54}},"5":{"start":{"line":9,"column":16},"end":{"line":9,"column":54}},"6":{"start":{"line":10,"column":4},"end":{"line":28,"column":5}},"7":{"start":{"line":11,"column":8},"end":{"line":11,"column":45}},"8":{"start":{"line":12,"column":8},"end":{"line":12,"column":21}},"9":{"start":{"line":13,"column":11},"end":{"line":28,"column":5}},"10":{"start":{"line":14,"column":8},"end":{"line":14,"column":48}},"11":{"start":{"line":15,"column":8},"end":{"line":15,"column":21}},"12":{"start":{"line":16,"column":11},"end":{"line":28,"column":5}},"13":{"start":{"line":17,"column":8},"end":{"line":17,"column":45}},"14":{"start":{"line":18,"column":8},"end":{"line":18,"column":21}},"15":{"start":{"line":19,"column":11},"end":{"line":28,"column":5}},"16":{"start":{"line":20,"column":8},"end":{"line":20,"column":46}},"17":{"start":{"line":21,"column":8},"end":{"line":21,"column":21}},"18":{"start":{"line":22,"column":11},"end":{"line":28,"column":5}},"19":{"start":{"line":26,"column":8},"end":{"line":26,"column":50}},"20":{"start":{"line":27,"column":8},"end":{"line":27,"column":21}},"21":{"start":{"line":29,"column":4},"end":{"line":76,"column":5}},"22":{"start":{"line":31,"column":17},"end":{"line":31,"column":49}},"23":{"start":{"line":32,"column":21},"end":{"line":32,"column":23}},"24":{"start":{"line":34,"column":8},"end":{"line":36,"column":11}},"25":{"start":{"line":35,"column":12},"end":{"line":35,"column":38}},"26":{"start":{"line":37,"column":8},"end":{"line":45,"column":11}},"27":{"start":{"line":46,"column":8},"end":{"line":46,"column":20}},"28":{"start":{"line":48,"column":25},"end":{"line":48,"column":38}},"29":{"start":{"line":49,"column":21},"end":{"line":49,"column":45}},"30":{"start":{"line":50,"column":8},"end":{"line":50,"column":42}},"31":{"start":{"line":51,"column":8},"end":{"line":53,"column":53}},"32":{"start":{"line":55,"column":8},"end":{"line":57,"column":67}},"33":{"start":{"line":58,"column":8},"end":{"line":60,"column":55}},"34":{"start":{"line":61,"column":8},"end":{"line":63,"column":58}},"35":{"start":{"line":64,"column":8},"end":{"line":66,"column":55}},"36":{"start":{"line":67,"column":8},"end":{"line":69,"column":56}},"37":{"start":{"line":70,"column":8},"end":{"line":70,"column":26}},"38":{"start":{"line":72,"column":8},"end":{"line":72,"column":26}},"39":{"start":{"line":73,"column":25},"end":{"line":73,"column":38}},"40":{"start":{"line":74,"column":21},"end":{"line":74,"column":45}},"41":{"start":{"line":75,"column":8},"end":{"line":75,"column":44}},"42":{"start":{"line":80,"column":4},"end":{"line":80,"column":64}},"43":{"start":{"line":84,"column":4},"end":{"line":84,"column":65}},"44":{"start":{"line":88,"column":4},"end":{"line":88,"column":67}},"45":{"start":{"line":92,"column":4},"end":{"line":92,"column":66}},"46":{"start":{"line":96,"column":4},"end":{"line":96,"column":40}},"47":{"start":{"line":99,"column":0},"end":{"line":99,"column":72}},"48":{"start":{"line":100,"column":0},"end":{"line":102,"column":43}}},"fnMap":{"0":{"name":"validateForm","decl":{"start":{"line":3,"column":15},"end":{"line":3,"column":27}},"loc":{"start":{"line":3,"column":31},"end":{"line":77,"column":1}},"line":3},"1":{"name":"(anonymous_1)","decl":{"start":{"line":34,"column":60},"end":{"line":34,"column":61}},"loc":{"start":{"line":34,"column":71},"end":{"line":36,"column":9}},"line":34},"2":{"name":"closeOrder","decl":{"start":{"line":79,"column":16},"end":{"line":79,"column":26}},"loc":{"start":{"line":79,"column":29},"end":{"line":81,"column":1}},"line":79},"3":{"name":"showOrder","decl":{"start":{"line":83,"column":9},"end":{"line":83,"column":18}},"loc":{"start":{"line":83,"column":21},"end":{"line":85,"column":1}},"line":83},"4":{"name":"showServerError","decl":{"start":{"line":87,"column":16},"end":{"line":87,"column":31}},"loc":{"start":{"line":87,"column":34},"end":{"line":89,"column":1}},"line":87},"5":{"name":"hideServerError","decl":{"start":{"line":91,"column":9},"end":{"line":91,"column":24}},"loc":{"start":{"line":91,"column":27},"end":{"line":93,"column":1}},"line":91},"6":{"name":"isEmpty","decl":{"start":{"line":95,"column":16},"end":{"line":95,"column":23}},"loc":{"start":{"line":95,"column":30},"end":{"line":97,"column":1}},"line":95}},"branchMap":{"0":{"loc":{"start":{"line":10,"column":4},"end":{"line":28,"column":5}},"type":"if","locations":[{"start":{"line":10,"column":4},"end":{"line":28,"column":5}},{"start":{"line":10,"column":4},"end":{"line":28,"column":5}}],"line":10},"1":{"loc":{"start":{"line":13,"column":11},"end":{"line":28,"column":5}},"type":"if","locations":[{"start":{"line":13,"column":11},"end":{"line":28,"column":5}},{"start":{"line":13,"column":11},"end":{"line":28,"column":5}}],"line":13},"2":{"loc":{"start":{"line":16,"column":11},"end":{"line":28,"column":5}},"type":"if","locations":[{"start":{"line":16,"column":11},"end":{"line":28,"column":5}},{"start":{"line":16,"column":11},"end":{"line":28,"column":5}}],"line":16},"3":{"loc":{"start":{"line":19,"column":11},"end":{"line":28,"column":5}},"type":"if","locations":[{"start":{"line":19,"column":11},"end":{"line":28,"column":5}},{"start":{"line":19,"column":11},"end":{"line":28,"column":5}}],"line":19},"4":{"loc":{"start":{"line":22,"column":11},"end":{"line":28,"column":5}},"type":"if","locations":[{"start":{"line":22,"column":11},"end":{"line":28,"column":5}},{"start":{"line":22,"column":11},"end":{"line":28,"column":5}}],"line":22},"5":{"loc":{"start":{"line":96,"column":11},"end":{"line":96,"column":39}},"type":"binary-expr","locations":[{"start":{"line":96,"column":11},"end":{"line":96,"column":24}},{"start":{"line":96,"column":28},"end":{"line":96,"column":39}}],"line":96}},"s":{"0":6,"1":6,"2":6,"3":6,"4":6,"5":6,"6":6,"7":1,"8":1,"9":5,"10":1,"11":1,"12":4,"13":1,"14":1,"15":3,"16":1,"17":1,"18":2,"19":1,"20":1,"21":1,"22":1,"23":1,"24":1,"25":0,"26":1,"27":0,"28":0,"29":0,"30":0,"31":0,"32":0,"33":0,"34":0,"35":0,"36":0,"37":0,"38":1,"39":1,"40":1,"41":1,"42":1,"43":0,"44":2,"45":0,"46":21,"47":1,"48":1},"f":{"0":6,"1":0,"2":1,"3":0,"4":2,"5":0,"6":21},"b":{"0":[1,5],"1":[1,4],"2":[1,3],"3":[1,2],"4":[1,1],"5":[21,20]},"_coverageSchema":"1a1c01bbd47fc00a2c39e90264f33305004495a9","hash":"66af7baac35fb4efde1b70c9c4a491b0c3bdd09e"}
,"D:\\HTML\\lab5\\src\\js\\sendData.js": {"path":"D:\\HTML\\lab5\\src\\js\\sendData.js","statementMap":{"0":{"start":{"line":2,"column":4},"end":{"line":8,"column":7}}},"fnMap":{"0":{"name":"sendData","decl":{"start":{"line":1,"column":22},"end":{"line":1,"column":30}},"loc":{"start":{"line":1,"column":37},"end":{"line":9,"column":1}},"line":1}},"branchMap":{},"s":{"0":1},"f":{"0":1},"b":{},"_coverageSchema":"1a1c01bbd47fc00a2c39e90264f33305004495a9","hash":"6e9e0b79f23920c5c378305a85bbddc2eca3062c"}
,"D:\\HTML\\lab5\\src\\js\\service.js": {"path":"D:\\HTML\\lab5\\src\\js\\service.js","statementMap":{"0":{"start":{"line":2,"column":0},"end":{"line":8,"column":3}},"1":{"start":{"line":3,"column":4},"end":{"line":7,"column":7}},"2":{"start":{"line":4,"column":8},"end":{"line":4,"column":25}},"3":{"start":{"line":5,"column":30},"end":{"line":5,"column":72}},"4":{"start":{"line":6,"column":8},"end":{"line":6,"column":50}},"5":{"start":{"line":9,"column":0},"end":{"line":13,"column":7}},"6":{"start":{"line":12,"column":8},"end":{"line":12,"column":76}},"7":{"start":{"line":15,"column":0},"end":{"line":19,"column":7}},"8":{"start":{"line":18,"column":8},"end":{"line":18,"column":76}}},"fnMap":{"0":{"name":"(anonymous_0)","decl":{"start":{"line":2,"column":46},"end":{"line":2,"column":47}},"loc":{"start":{"line":2,"column":61},"end":{"line":8,"column":1}},"line":2},"1":{"name":"(anonymous_1)","decl":{"start":{"line":3,"column":34},"end":{"line":3,"column":35}},"loc":{"start":{"line":3,"column":46},"end":{"line":7,"column":5}},"line":3},"2":{"name":"(anonymous_2)","decl":{"start":{"line":11,"column":31},"end":{"line":11,"column":32}},"loc":{"start":{"line":11,"column":43},"end":{"line":13,"column":5}},"line":11},"3":{"name":"(anonymous_3)","decl":{"start":{"line":17,"column":31},"end":{"line":17,"column":32}},"loc":{"start":{"line":17,"column":43},"end":{"line":19,"column":5}},"line":17}},"branchMap":{},"s":{"0":1,"1":1,"2":1,"3":1,"4":1,"5":1,"6":1,"7":1,"8":1},"f":{"0":1,"1":1,"2":1,"3":1},"b":{},"_coverageSchema":"1a1c01bbd47fc00a2c39e90264f33305004495a9","hash":"2c62724d82d03e9ef320af8f6317464a6fa47b1e"}
}
