TN:
SF:src\js\order.js
FN:3,validateForm
FN:34,(anonymous_1)
FN:79,closeOrder
FN:83,showOrder
FN:87,showServerError
FN:91,hideServerError
FN:95,isEmpty
FNF:7
FNH:4
FNDA:6,validateForm
FNDA:0,(anonymous_1)
FNDA:1,closeOrder
FNDA:0,showOrder
FNDA:2,showServerError
FNDA:0,hideServerError
FNDA:21,isEmpty
DA:4,6
DA:5,6
DA:6,6
DA:7,6
DA:8,6
DA:9,6
DA:10,6
DA:11,1
DA:12,1
DA:13,5
DA:14,1
DA:15,1
DA:16,4
DA:17,1
DA:18,1
DA:19,3
DA:20,1
DA:21,1
DA:22,2
DA:26,1
DA:27,1
DA:29,1
DA:31,1
DA:32,1
DA:34,1
DA:35,0
DA:37,1
DA:46,0
DA:48,0
DA:49,0
DA:50,0
DA:51,0
DA:55,0
DA:58,0
DA:61,0
DA:64,0
DA:67,0
DA:70,0
DA:72,1
DA:73,1
DA:74,1
DA:75,1
DA:80,1
DA:84,0
DA:88,2
DA:92,0
DA:96,21
DA:99,1
DA:100,1
LF:49
LH:35
BRDA:10,0,0,1
BRDA:10,0,1,5
BRDA:13,1,0,1
BRDA:13,1,1,4
BRDA:16,2,0,1
BRDA:16,2,1,3
BRDA:19,3,0,1
BRDA:19,3,1,2
BRDA:22,4,0,1
BRDA:22,4,1,1
BRDA:96,5,0,21
BRDA:96,5,1,20
BRF:12
BRH:12
end_of_record
TN:
SF:src\js\sendData.js
FN:1,sendData
FNF:1
FNH:1
FNDA:1,sendData
DA:2,1
LF:1
LH:1
BRF:0
BRH:0
end_of_record
TN:
SF:src\js\service.js
FN:2,(anonymous_0)
FN:3,(anonymous_1)
FN:11,(anonymous_2)
FN:17,(anonymous_3)
FNF:4
FNH:4
FNDA:1,(anonymous_0)
FNDA:1,(anonymous_1)
FNDA:1,(anonymous_2)
FNDA:1,(anonymous_3)
DA:2,1
DA:3,1
DA:4,1
DA:5,1
DA:6,1
DA:9,1
DA:12,1
DA:15,1
DA:18,1
LF:9
LH:9
BRF:0
BRH:0
end_of_record
